2023-03-30 12:19:26 DEBUG [GiftCertificateMappingService] GiftCertificateDTO converted to GiftCertificate model: [GiftCertificate(id=null, name=gc445upd, description=des22upd, price=52.0, duration=232, createDate=null, lastUpdateDate=null)]
2023-03-30 12:19:27 DEBUG [GiftCertificateService.update()] GiftCertificate with ID:[11] updated.
2023-03-30 12:19:33 DEBUG [GiftCertificateMappingService] GiftCertificate model converted to GiftCertificateDTO: [GiftCertificateDTO(id=11, name=gc445upd, description=des22upd, price=52.0, duration=232, createDate=2023-03-30T12:11:40.850, lastUpdateDate=2023-03-30T12:19:26.688)]
2023-03-30 12:19:33 DEBUG [GiftCertificateService.findById()] GiftCertificate received from database: [GiftCertificateDTO(id=11, name=gc445upd, description=des22upd, price=52.0, duration=232, createDate=2023-03-30T12:11:40.850, lastUpdateDate=2023-03-30T12:19:26.688)], for ID:[11]
2023-03-30 12:19:42 DEBUG [GiftCertificateService.deleteById()] GiftCertificate for ID:[11] removed.
2023-03-30 12:24:54 DEBUG [TagMappingService] Tag model converted to TagDTO: [TagDTO(id=10, name=tag22)]
2023-03-30 12:24:54 DEBUG [TagMappingService] Tag model converted to TagDTO: [TagDTO(id=11, name=tag228)]
2023-03-30 12:24:54 DEBUG [TagMappingService] Tag model converted to TagDTO: [TagDTO(id=5, name=tag3)]
2023-03-30 12:24:54 DEBUG [TagMappingService] Tag model converted to TagDTO: [TagDTO(id=12, name=tag33)]
2023-03-30 12:24:54 DEBUG [TagMappingService] Tag model converted to TagDTO: [TagDTO(id=7, name=tag5)]
2023-03-30 12:24:54 DEBUG [TagMappingService] Tag model converted to TagDTO: [TagDTO(id=8, name=tag9)]
2023-03-30 12:24:54 DEBUG [TagMappingService] Tag model converted to TagDTO: [TagDTO(id=9, name=tag91)]
2023-03-30 12:24:54 DEBUG [TagService.findAll()] Tags received from database: [[TagDTO(id=5, name=tag3), TagDTO(id=7, name=tag5), TagDTO(id=8, name=tag9), TagDTO(id=9, name=tag91), TagDTO(id=10, name=tag22), TagDTO(id=11, name=tag228), TagDTO(id=12, name=tag33)]]
2023-03-30 12:26:31 DEBUG [TagMappingService] Tag model converted to TagDTO: [TagDTO(id=10, name=tag22)]
2023-03-30 12:26:31 DEBUG [TagMappingService] Tag model converted to TagDTO: [TagDTO(id=11, name=tag228)]
2023-03-30 12:26:31 DEBUG [TagMappingService] Tag model converted to TagDTO: [TagDTO(id=5, name=tag3)]
2023-03-30 12:26:31 DEBUG [TagMappingService] Tag model converted to TagDTO: [TagDTO(id=12, name=tag33)]
2023-03-30 12:26:31 DEBUG [TagMappingService] Tag model converted to TagDTO: [TagDTO(id=7, name=tag5)]
2023-03-30 12:26:31 DEBUG [TagMappingService] Tag model converted to TagDTO: [TagDTO(id=8, name=tag9)]
2023-03-30 12:26:31 DEBUG [TagMappingService] Tag model converted to TagDTO: [TagDTO(id=9, name=tag91)]
2023-03-30 12:26:31 DEBUG [TagService.findAll()] Tags received from database: [[TagDTO(id=5, name=tag3), TagDTO(id=7, name=tag5), TagDTO(id=8, name=tag9), TagDTO(id=9, name=tag91), TagDTO(id=10, name=tag22), TagDTO(id=11, name=tag228), TagDTO(id=12, name=tag33)]]
2023-03-30 12:26:53 DEBUG [TagMappingService] Tag model converted to TagDTO: [TagDTO(id=5, name=tag3)]
2023-03-30 12:26:53 DEBUG [TagService.findById()] Tag received from database: [TagDTO(id=5, name=tag3)], for ID:[5]
2023-03-30 12:26:57 DEBUG [TagMappingService] Tag model converted to TagDTO: [TagDTO(id=5, name=tag3)]
2023-03-30 12:26:57 DEBUG [TagService.findByName()] Tag received from database: [TagDTO(id=5, name=tag3)], for name:[tag3]
2023-03-30 12:28:10 DEBUG [GiftCertificateMappingService] GiftCertificateDTO converted to GiftCertificate model: [GiftCertificate(id=null, name=gc442135, description=des22213c5, price=5122.0, duration=23, createDate=2023-03-30T12:28:10.510625100, lastUpdateDate=null)]
2023-03-30 12:28:10 DEBUG [GiftCertificateService.save()] GiftCertificate saved with id:[12]
2023-03-30 12:30:33 DEBUG [GiftCertificateMappingService] GiftCertificateDTO converted to GiftCertificate model: [GiftCertificate(id=null, name=gc44212, description=des22c5new, price=5122.0, duration=23, createDate=2023-03-30T12:30:33.001506800, lastUpdateDate=null)]
2023-03-30 12:30:33 DEBUG [GiftCertificateService.save()] GiftCertificate saved with id:[13]
2023-03-30 12:30:39 DEBUG [GiftCertificateMappingService] GiftCertificate model converted to GiftCertificateDTO: [GiftCertificateDTO(id=6, name=gc1, description=desc1, price=52.0, duration=3, createDate=2023-03-23T15:58:05.284, lastUpdateDate=null)]
2023-03-30 12:30:39 DEBUG [GiftCertificateMappingService] GiftCertificate model converted to GiftCertificateDTO: [GiftCertificateDTO(id=8, name=gc228, description=desc5, price=512.0, duration=2, createDate=2023-03-24T10:17:46.366, lastUpdateDate=null)]
2023-03-30 12:30:39 DEBUG [GiftCertificateMappingService] GiftCertificate model converted to GiftCertificateDTO: [GiftCertificateDTO(id=9, name=gc2112, description=desc5, price=512.0, duration=2, createDate=2023-03-24T10:44:40.152, lastUpdateDate=null)]
2023-03-30 12:30:39 DEBUG [GiftCertificateMappingService] GiftCertificate model converted to GiftCertificateDTO: [GiftCertificateDTO(id=10, name=gc892, description=desc5, price=512.0, duration=2, createDate=2023-03-24T11:31:07.706, lastUpdateDate=null)]
2023-03-30 12:30:39 DEBUG [GiftCertificateMappingService] GiftCertificate model converted to GiftCertificateDTO: [GiftCertificateDTO(id=12, name=gc442135, description=des22213c5, price=5122.0, duration=23, createDate=2023-03-30T12:28:10.511, lastUpdateDate=null)]
2023-03-30 12:30:39 DEBUG [GiftCertificateMappingService] GiftCertificate model converted to GiftCertificateDTO: [GiftCertificateDTO(id=13, name=gc44212, description=des22c5new, price=5122.0, duration=23, createDate=2023-03-30T12:30:33.002, lastUpdateDate=null)]
2023-03-30 12:30:39 DEBUG [GiftCertificateService.findAll()] GiftCertificates received from database:[[GiftCertificateDTO(id=6, name=gc1, description=desc1, price=52.0, duration=3, createDate=2023-03-23T15:58:05.284, lastUpdateDate=null), GiftCertificateDTO(id=8, name=gc228, description=desc5, price=512.0, duration=2, createDate=2023-03-24T10:17:46.366, lastUpdateDate=null), GiftCertificateDTO(id=9, name=gc2112, description=desc5, price=512.0, duration=2, createDate=2023-03-24T10:44:40.152, lastUpdateDate=null), GiftCertificateDTO(id=10, name=gc892, description=desc5, price=512.0, duration=2, createDate=2023-03-24T11:31:07.706, lastUpdateDate=null), GiftCertificateDTO(id=12, name=gc442135, description=des22213c5, price=5122.0, duration=23, createDate=2023-03-30T12:28:10.511, lastUpdateDate=null), GiftCertificateDTO(id=13, name=gc44212, description=des22c5new, price=5122.0, duration=23, createDate=2023-03-30T12:30:33.002, lastUpdateDate=null)]]
2023-03-30 12:31:15 DEBUG [TagMappingService] TagDTO converted to Tag model: [Tag(id=null, name=tag66)]
2023-03-30 12:31:15 DEBUG [TagService.save()] Tag saved with id:[13]
2023-03-30 12:31:28 DEBUG [TagMappingService] Tag model converted to TagDTO: [TagDTO(id=10, name=tag22)]
2023-03-30 12:31:28 DEBUG [TagMappingService] Tag model converted to TagDTO: [TagDTO(id=11, name=tag228)]
2023-03-30 12:31:28 DEBUG [TagMappingService] Tag model converted to TagDTO: [TagDTO(id=5, name=tag3)]
2023-03-30 12:31:28 DEBUG [TagMappingService] Tag model converted to TagDTO: [TagDTO(id=12, name=tag33)]
2023-03-30 12:31:28 DEBUG [TagMappingService] Tag model converted to TagDTO: [TagDTO(id=7, name=tag5)]
2023-03-30 12:31:28 DEBUG [TagMappingService] Tag model converted to TagDTO: [TagDTO(id=13, name=tag66)]
2023-03-30 12:31:28 DEBUG [TagMappingService] Tag model converted to TagDTO: [TagDTO(id=8, name=tag9)]
2023-03-30 12:31:28 DEBUG [TagMappingService] Tag model converted to TagDTO: [TagDTO(id=9, name=tag91)]
2023-03-30 12:31:28 DEBUG [TagService.findAll()] Tags received from database: [[TagDTO(id=5, name=tag3), TagDTO(id=7, name=tag5), TagDTO(id=8, name=tag9), TagDTO(id=9, name=tag91), TagDTO(id=10, name=tag22), TagDTO(id=11, name=tag228), TagDTO(id=12, name=tag33), TagDTO(id=13, name=tag66)]]
2023-03-30 12:31:44 DEBUG [TagMappingService] Tag model converted to TagDTO: [TagDTO(id=13, name=tag66)]
2023-03-30 12:31:44 DEBUG [TagService.findByName()] Tag received from database: [TagDTO(id=13, name=tag66)], for name:[tag66]
2023-03-30 12:31:50 DEBUG [TagMappingService] Tag model converted to TagDTO: [TagDTO(id=13, name=tag66)]
2023-03-30 12:31:50 DEBUG [TagService.findById()] Tag received from database: [TagDTO(id=13, name=tag66)], for ID:[13]
2023-03-30 12:31:56 DEBUG [TagService.deleteById()] Tag for ID:[13] removed
2023-03-30 12:32:01 DEBUG [TagMappingService] Tag model converted to TagDTO: [TagDTO(id=10, name=tag22)]
2023-03-30 12:32:01 DEBUG [TagMappingService] Tag model converted to TagDTO: [TagDTO(id=11, name=tag228)]
2023-03-30 12:32:01 DEBUG [TagMappingService] Tag model converted to TagDTO: [TagDTO(id=5, name=tag3)]
2023-03-30 12:32:01 DEBUG [TagMappingService] Tag model converted to TagDTO: [TagDTO(id=12, name=tag33)]
2023-03-30 12:32:01 DEBUG [TagMappingService] Tag model converted to TagDTO: [TagDTO(id=7, name=tag5)]
2023-03-30 12:32:01 DEBUG [TagMappingService] Tag model converted to TagDTO: [TagDTO(id=8, name=tag9)]
2023-03-30 12:32:01 DEBUG [TagMappingService] Tag model converted to TagDTO: [TagDTO(id=9, name=tag91)]
2023-03-30 12:32:01 DEBUG [TagService.findAll()] Tags received from database: [[TagDTO(id=5, name=tag3), TagDTO(id=7, name=tag5), TagDTO(id=8, name=tag9), TagDTO(id=9, name=tag91), TagDTO(id=10, name=tag22), TagDTO(id=11, name=tag228), TagDTO(id=12, name=tag33)]]
2023-03-30 13:01:35 DEBUG [GiftCertificateMappingService] GiftCertificate model converted to GiftCertificateDTO: [GiftCertificateDTO(id=6, name=gc1, description=desc1, price=52.0, duration=3, createDate=2023-03-23T15:58:05.284, lastUpdateDate=null)]
2023-03-30 13:01:35 DEBUG [GiftCertificateMappingService] GiftCertificate model converted to GiftCertificateDTO: [GiftCertificateDTO(id=8, name=gc228, description=desc5, price=512.0, duration=2, createDate=2023-03-24T10:17:46.366, lastUpdateDate=null)]
2023-03-30 13:01:35 DEBUG [GiftCertificateMappingService] GiftCertificate model converted to GiftCertificateDTO: [GiftCertificateDTO(id=9, name=gc2112, description=desc5, price=512.0, duration=2, createDate=2023-03-24T10:44:40.152, lastUpdateDate=null)]
2023-03-30 13:01:35 DEBUG [GiftCertificateMappingService] GiftCertificate model converted to GiftCertificateDTO: [GiftCertificateDTO(id=10, name=gc892, description=desc5, price=512.0, duration=2, createDate=2023-03-24T11:31:07.706, lastUpdateDate=null)]
2023-03-30 13:01:35 DEBUG [GiftCertificateMappingService] GiftCertificate model converted to GiftCertificateDTO: [GiftCertificateDTO(id=12, name=gc442135, description=des22213c5, price=5122.0, duration=23, createDate=2023-03-30T12:28:10.511, lastUpdateDate=null)]
2023-03-30 13:01:35 DEBUG [GiftCertificateMappingService] GiftCertificate model converted to GiftCertificateDTO: [GiftCertificateDTO(id=13, name=gc44212, description=des22c5new, price=5122.0, duration=23, createDate=2023-03-30T12:30:33.002, lastUpdateDate=null)]
2023-03-30 13:01:35 DEBUG [GiftCertificateService.findAll()] GiftCertificates received from database:[[GiftCertificateDTO(id=6, name=gc1, description=desc1, price=52.0, duration=3, createDate=2023-03-23T15:58:05.284, lastUpdateDate=null), GiftCertificateDTO(id=8, name=gc228, description=desc5, price=512.0, duration=2, createDate=2023-03-24T10:17:46.366, lastUpdateDate=null), GiftCertificateDTO(id=9, name=gc2112, description=desc5, price=512.0, duration=2, createDate=2023-03-24T10:44:40.152, lastUpdateDate=null), GiftCertificateDTO(id=10, name=gc892, description=desc5, price=512.0, duration=2, createDate=2023-03-24T11:31:07.706, lastUpdateDate=null), GiftCertificateDTO(id=12, name=gc442135, description=des22213c5, price=5122.0, duration=23, createDate=2023-03-30T12:28:10.511, lastUpdateDate=null), GiftCertificateDTO(id=13, name=gc44212, description=des22c5new, price=5122.0, duration=23, createDate=2023-03-30T12:30:33.002, lastUpdateDate=null)]]
