2023-03-30 12:09:58 DEBUG [GiftCertificateMappingService] GiftCertificate model converted to GiftCertificateDTO: [GiftCertificateDTO(id=6, name=gc1, description=desc1, price=52.0, duration=3, createDate=2023-03-23T15:58:05.284, lastUpdateDate=null)]
2023-03-30 12:09:58 DEBUG [GiftCertificateMappingService] GiftCertificate model converted to GiftCertificateDTO: [GiftCertificateDTO(id=8, name=gc228, description=desc5, price=512.0, duration=2, createDate=2023-03-24T10:17:46.366, lastUpdateDate=null)]
2023-03-30 12:09:58 DEBUG [GiftCertificateMappingService] GiftCertificate model converted to GiftCertificateDTO: [GiftCertificateDTO(id=9, name=gc2112, description=desc5, price=512.0, duration=2, createDate=2023-03-24T10:44:40.152, lastUpdateDate=null)]
2023-03-30 12:09:58 DEBUG [GiftCertificateMappingService] GiftCertificate model converted to GiftCertificateDTO: [GiftCertificateDTO(id=10, name=gc892, description=desc5, price=512.0, duration=2, createDate=2023-03-24T11:31:07.706, lastUpdateDate=null)]
2023-03-30 12:09:58 DEBUG [GiftCertificateService.findAll()] GiftCertificates received from database:[[GiftCertificateDTO(id=6, name=gc1, description=desc1, price=52.0, duration=3, createDate=2023-03-23T15:58:05.284, lastUpdateDate=null), GiftCertificateDTO(id=8, name=gc228, description=desc5, price=512.0, duration=2, createDate=2023-03-24T10:17:46.366, lastUpdateDate=null), GiftCertificateDTO(id=9, name=gc2112, description=desc5, price=512.0, duration=2, createDate=2023-03-24T10:44:40.152, lastUpdateDate=null), GiftCertificateDTO(id=10, name=gc892, description=desc5, price=512.0, duration=2, createDate=2023-03-24T11:31:07.706, lastUpdateDate=null)]]
2023-03-30 12:10:09 DEBUG [TagMappingService] Tag model converted to TagDTO: [TagDTO(id=10, name=tag22)]
2023-03-30 12:10:09 DEBUG [TagMappingService] Tag model converted to TagDTO: [TagDTO(id=11, name=tag228)]
2023-03-30 12:10:09 DEBUG [TagMappingService] Tag model converted to TagDTO: [TagDTO(id=5, name=tag3)]
2023-03-30 12:10:09 DEBUG [TagMappingService] Tag model converted to TagDTO: [TagDTO(id=12, name=tag33)]
2023-03-30 12:10:09 DEBUG [TagMappingService] Tag model converted to TagDTO: [TagDTO(id=7, name=tag5)]
2023-03-30 12:10:09 DEBUG [TagMappingService] Tag model converted to TagDTO: [TagDTO(id=8, name=tag9)]
2023-03-30 12:10:09 DEBUG [TagMappingService] Tag model converted to TagDTO: [TagDTO(id=9, name=tag91)]
2023-03-30 12:10:09 DEBUG [TagService.findAll()] Tags received from database: [[TagDTO(id=5, name=tag3), TagDTO(id=7, name=tag5), TagDTO(id=8, name=tag9), TagDTO(id=9, name=tag91), TagDTO(id=10, name=tag22), TagDTO(id=11, name=tag228), TagDTO(id=12, name=tag33)]]
2023-03-30 12:11:40 DEBUG [GiftCertificateMappingService] GiftCertificateDTO converted to GiftCertificate model: [GiftCertificate(id=null, name=gc440, description=des22c5, price=5122.0, duration=23, createDate=2023-03-30T12:11:40.849651400, lastUpdateDate=null)]
2023-03-30 12:11:40 DEBUG [GiftCertificateService.save()] GiftCertificate saved with id:[11]
2023-03-30 12:12:05 DEBUG [GiftCertificateMappingService] GiftCertificate model converted to GiftCertificateDTO: [GiftCertificateDTO(id=11, name=gc440, description=des22c5, price=5122.0, duration=23, createDate=2023-03-30T12:11:40.850, lastUpdateDate=null)]
2023-03-30 12:12:05 DEBUG [GiftCertificateService.findByName()] GiftCertificate received from database: [GiftCertificateDTO(id=11, name=gc440, description=des22c5, price=5122.0, duration=23, createDate=2023-03-30T12:11:40.850, lastUpdateDate=null)], for name:[gc440]
2023-03-30 12:12:26 DEBUG [GiftCertificateMappingService] GiftCertificate model converted to GiftCertificateDTO: [GiftCertificateDTO(id=11, name=gc440, description=des22c5, price=5122.0, duration=23, createDate=2023-03-30T12:11:40.850, lastUpdateDate=null)]
2023-03-30 12:12:26 DEBUG [GiftCertificateService.findById()] GiftCertificate received from database: [GiftCertificateDTO(id=11, name=gc440, description=des22c5, price=5122.0, duration=23, createDate=2023-03-30T12:11:40.850, lastUpdateDate=null)], for ID:[11]
2023-03-30 12:13:14 DEBUG [GiftCertificateMappingService] GiftCertificate model converted to GiftCertificateDTO: [GiftCertificateDTO(id=6, name=gc1, description=desc1, price=52.0, duration=3, createDate=2023-03-23T15:58:05.284, lastUpdateDate=null)]
2023-03-30 12:13:14 DEBUG [GiftCertificateMappingService] GiftCertificate model converted to GiftCertificateDTO: [GiftCertificateDTO(id=8, name=gc228, description=desc5, price=512.0, duration=2, createDate=2023-03-24T10:17:46.366, lastUpdateDate=null)]
2023-03-30 12:13:14 DEBUG [GiftCertificateMappingService] GiftCertificate model converted to GiftCertificateDTO: [GiftCertificateDTO(id=9, name=gc2112, description=desc5, price=512.0, duration=2, createDate=2023-03-24T10:44:40.152, lastUpdateDate=null)]
2023-03-30 12:13:14 DEBUG [GiftCertificateMappingService] GiftCertificate model converted to GiftCertificateDTO: [GiftCertificateDTO(id=10, name=gc892, description=desc5, price=512.0, duration=2, createDate=2023-03-24T11:31:07.706, lastUpdateDate=null)]
2023-03-30 12:13:14 DEBUG [GiftCertificateMappingService] GiftCertificate model converted to GiftCertificateDTO: [GiftCertificateDTO(id=11, name=gc440, description=des22c5, price=5122.0, duration=23, createDate=2023-03-30T12:11:40.850, lastUpdateDate=null)]
2023-03-30 12:13:14 DEBUG [GiftCertificateService.findAll()] GiftCertificates received from database:[[GiftCertificateDTO(id=6, name=gc1, description=desc1, price=52.0, duration=3, createDate=2023-03-23T15:58:05.284, lastUpdateDate=null), GiftCertificateDTO(id=8, name=gc228, description=desc5, price=512.0, duration=2, createDate=2023-03-24T10:17:46.366, lastUpdateDate=null), GiftCertificateDTO(id=9, name=gc2112, description=desc5, price=512.0, duration=2, createDate=2023-03-24T10:44:40.152, lastUpdateDate=null), GiftCertificateDTO(id=10, name=gc892, description=desc5, price=512.0, duration=2, createDate=2023-03-24T11:31:07.706, lastUpdateDate=null), GiftCertificateDTO(id=11, name=gc440, description=des22c5, price=5122.0, duration=23, createDate=2023-03-30T12:11:40.850, lastUpdateDate=null)]]
