2023-04-06 17:19:02 DEBUG AppConfig registered in Root Context
2023-04-06 17:19:02 DEBUG Production profile activated
2023-04-06 17:19:02 DEBUG ContextLoaderListener added to Servlet Context
2023-04-06 17:19:02 DEBUG [dispatcher] servlet registered in Servlet Context
2023-04-06 17:19:03 DEBUG HikariConfig for PROD Profile created
2023-04-06 17:19:04 DEBUG HikariDataSource for PROD Profile created
2023-04-06 17:20:29 DEBUG ResponseEntity: [ErrorResponse(errorMessage=GiftCertificate not found (id:[2313]), errorCode=404)] created.
2023-04-06 17:21:17 DEBUG ResponseEntity: [ErrorResponse(errorMessage=GiftCertificate.id can't be less than zero or null, errorCode=400)] created.
2023-04-06 17:25:41 DEBUG ResponseEntity: [ErrorResponse(errorMessage=GiftCertificate not found (id:[5]), errorCode=404)] created.
2023-04-06 17:25:48 DEBUG [GiftCertificateMappingService] GiftCertificate model converted to GiftCertificateDTO: [GiftCertificateDTO(id=9, name=gc2112, description=desc5, price=512.0, duration=2, createDate=2023-03-24T10:44:40.152, lastUpdateDate=null)]
2023-04-06 17:25:48 DEBUG [GiftCertificateService.findById()] GiftCertificate received from database: [GiftCertificateDTO(id=9, name=gc2112, description=desc5, price=512.0, duration=2, createDate=2023-03-24T10:44:40.152, lastUpdateDate=null)], for ID:[9]
2023-04-06 17:26:51 DEBUG ResponseEntity: [ErrorResponse(errorMessage=The validated character sequence is blank, errorCode=400)] created.
2023-04-06 17:27:06 DEBUG ResponseEntity: [ErrorResponse(errorMessage=GiftCertificate not found (name:[null]), errorCode=404)] created.
2023-04-06 17:42:11 DEBUG [GiftCertificateMappingService] GiftCertificate model converted to GiftCertificateDTO: [GiftCertificateDTO(id=6, name=gc1, description=desc1, price=52.0, duration=3, createDate=2023-03-23T15:58:05.284, lastUpdateDate=null)]
2023-04-06 17:42:11 DEBUG [GiftCertificateMappingService] GiftCertificate model converted to GiftCertificateDTO: [GiftCertificateDTO(id=8, name=gc228, description=desc5, price=512.0, duration=2, createDate=2023-03-24T10:17:46.366, lastUpdateDate=null)]
2023-04-06 17:42:11 DEBUG [GiftCertificateMappingService] GiftCertificate model converted to GiftCertificateDTO: [GiftCertificateDTO(id=9, name=gc2112, description=desc5, price=512.0, duration=2, createDate=2023-03-24T10:44:40.152, lastUpdateDate=null)]
2023-04-06 17:42:11 DEBUG [GiftCertificateMappingService] GiftCertificate model converted to GiftCertificateDTO: [GiftCertificateDTO(id=10, name=gc892, description=desc5, price=512.0, duration=2, createDate=2023-03-24T11:31:07.706, lastUpdateDate=null)]
2023-04-06 17:42:11 DEBUG [GiftCertificateMappingService] GiftCertificate model converted to GiftCertificateDTO: [GiftCertificateDTO(id=12, name=gc445upd, description=des22updPut, price=52.0, duration=232, createDate=2023-03-30T12:28:10.511, lastUpdateDate=2023-03-31T10:08:43.411)]
2023-04-06 17:42:11 DEBUG [GiftCertificateMappingService] GiftCertificate model converted to GiftCertificateDTO: [GiftCertificateDTO(id=13, name=gc44212, description=des22c5new, price=5122.0, duration=23, createDate=2023-03-30T12:30:33.002, lastUpdateDate=null)]
2023-04-06 17:42:11 DEBUG [GiftCertificateMappingService] GiftCertificate model converted to GiftCertificateDTO: [GiftCertificateDTO(id=14, name=gc231, description=des22c5new, price=5122.0, duration=23, createDate=2023-04-06T17:11:35.594, lastUpdateDate=null)]
2023-04-06 17:42:11 DEBUG [GiftCertificateMappingService] GiftCertificate model converted to GiftCertificateDTO: [GiftCertificateDTO(id=15, name=gc2312, description=des22c522new, price=5122.0, duration=23, createDate=2023-04-06T17:18:09.973, lastUpdateDate=null)]
2023-04-06 17:42:11 DEBUG [GiftCertificateService.findAll()] GiftCertificates received from database:[[GiftCertificateDTO(id=6, name=gc1, description=desc1, price=52.0, duration=3, createDate=2023-03-23T15:58:05.284, lastUpdateDate=null), GiftCertificateDTO(id=8, name=gc228, description=desc5, price=512.0, duration=2, createDate=2023-03-24T10:17:46.366, lastUpdateDate=null), GiftCertificateDTO(id=9, name=gc2112, description=desc5, price=512.0, duration=2, createDate=2023-03-24T10:44:40.152, lastUpdateDate=null), GiftCertificateDTO(id=10, name=gc892, description=desc5, price=512.0, duration=2, createDate=2023-03-24T11:31:07.706, lastUpdateDate=null), GiftCertificateDTO(id=12, name=gc445upd, description=des22updPut, price=52.0, duration=232, createDate=2023-03-30T12:28:10.511, lastUpdateDate=2023-03-31T10:08:43.411), GiftCertificateDTO(id=13, name=gc44212, description=des22c5new, price=5122.0, duration=23, createDate=2023-03-30T12:30:33.002, lastUpdateDate=null), GiftCertificateDTO(id=14, name=gc231, description=des22c5new, price=5122.0, duration=23, createDate=2023-04-06T17:11:35.594, lastUpdateDate=null), GiftCertificateDTO(id=15, name=gc2312, description=des22c522new, price=5122.0, duration=23, createDate=2023-04-06T17:18:09.973, lastUpdateDate=null)]]
2023-04-06 17:43:49 DEBUG ResponseEntity: [ErrorResponse(errorMessage=Certificate with given id:[1123] not found for delete., errorCode=404)] created.
2023-04-06 17:44:17 DEBUG ResponseEntity: [ErrorResponse(errorMessage=GiftCertificate.id can't be less than zero or null, errorCode=400)] created.
