2023-03-31 16:47:13 DEBUG AppConfig registered in Root Context
2023-03-31 16:47:13 DEBUG Production profile activated
2023-03-31 16:47:13 DEBUG ContextLoaderListener added to Servlet Context
2023-03-31 16:47:13 DEBUG [dispatcher] servlet registered in Servlet Context
2023-03-31 16:47:14 DEBUG HikariConfig for TEST Profile created
2023-03-31 16:47:15 DEBUG HikariDataSource for TEST Profile created
2023-03-31 16:47:15 DEBUG SQL script for In-memory database executed
2023-03-31 16:47:48 DEBUG [TagMappingService] Tag model converted to TagDTO: [TagDTO(id=2, name=tag2)]
2023-03-31 16:47:48 DEBUG [TagService.findById()] Tag received from database: [TagDTO(id=2, name=tag2)], for ID:[2]
2023-03-31 16:49:58 DEBUG [TagMappingService] Tag model converted to TagDTO: [TagDTO(id=1, name=tag1)]
2023-03-31 16:49:58 DEBUG [TagMappingService] Tag model converted to TagDTO: [TagDTO(id=2, name=tag2)]
2023-03-31 16:49:58 DEBUG [TagMappingService] Tag model converted to TagDTO: [TagDTO(id=3, name=tag3)]
2023-03-31 16:49:58 DEBUG [TagMappingService] Tag model converted to TagDTO: [TagDTO(id=4, name=tag4)]
2023-03-31 16:49:58 DEBUG [TagMappingService] Tag model converted to TagDTO: [TagDTO(id=5, name=tag5)]
2023-03-31 16:49:58 DEBUG [TagMappingService] Tag model converted to TagDTO: [TagDTO(id=6, name=tag6)]
2023-03-31 16:49:58 DEBUG [TagService.findAll()] Tags received from database: [[TagDTO(id=1, name=tag1), TagDTO(id=2, name=tag2), TagDTO(id=3, name=tag3), TagDTO(id=4, name=tag4), TagDTO(id=5, name=tag5), TagDTO(id=6, name=tag6)]]
2023-03-31 16:50:07 DEBUG [GiftCertificateMappingService] GiftCertificate model converted to GiftCertificateDTO: [GiftCertificateDTO(id=1, name=certificate1, description=desc1, price=55.0, duration=2, createDate=2023-03-23T15:58:05.284, lastUpdateDate=null)]
2023-03-31 16:50:07 DEBUG [GiftCertificateMappingService] GiftCertificate model converted to GiftCertificateDTO: [GiftCertificateDTO(id=2, name=certificate2, description=desc2, price=55.0, duration=2, createDate=2023-03-23T15:59:05.284, lastUpdateDate=null)]
2023-03-31 16:50:07 DEBUG [GiftCertificateMappingService] GiftCertificate model converted to GiftCertificateDTO: [GiftCertificateDTO(id=3, name=certificate3, description=desc3, price=55.0, duration=2, createDate=2023-03-23T16:00:05.284, lastUpdateDate=null)]
2023-03-31 16:50:07 DEBUG [GiftCertificateMappingService] GiftCertificate model converted to GiftCertificateDTO: [GiftCertificateDTO(id=4, name=certificate4, description=desc4, price=55.0, duration=2, createDate=2023-03-23T17:58:05.284, lastUpdateDate=null)]
2023-03-31 16:50:07 DEBUG [GiftCertificateMappingService] GiftCertificate model converted to GiftCertificateDTO: [GiftCertificateDTO(id=5, name=certificate5, description=desc5, price=55.0, duration=2, createDate=2023-03-23T18:58:05.284, lastUpdateDate=null)]
2023-03-31 16:50:07 DEBUG [GiftCertificateMappingService] GiftCertificate model converted to GiftCertificateDTO: [GiftCertificateDTO(id=6, name=certificate6, description=desc6, price=55.0, duration=2, createDate=2023-03-23T19:58:05.284, lastUpdateDate=null)]
2023-03-31 16:50:07 DEBUG [GiftCertificateService.findAll()] GiftCertificates received from database:[[GiftCertificateDTO(id=1, name=certificate1, description=desc1, price=55.0, duration=2, createDate=2023-03-23T15:58:05.284, lastUpdateDate=null), GiftCertificateDTO(id=2, name=certificate2, description=desc2, price=55.0, duration=2, createDate=2023-03-23T15:59:05.284, lastUpdateDate=null), GiftCertificateDTO(id=3, name=certificate3, description=desc3, price=55.0, duration=2, createDate=2023-03-23T16:00:05.284, lastUpdateDate=null), GiftCertificateDTO(id=4, name=certificate4, description=desc4, price=55.0, duration=2, createDate=2023-03-23T17:58:05.284, lastUpdateDate=null), GiftCertificateDTO(id=5, name=certificate5, description=desc5, price=55.0, duration=2, createDate=2023-03-23T18:58:05.284, lastUpdateDate=null), GiftCertificateDTO(id=6, name=certificate6, description=desc6, price=55.0, duration=2, createDate=2023-03-23T19:58:05.284, lastUpdateDate=null)]]
2023-03-31 16:50:35 DEBUG [GiftCertificateMappingService] GiftCertificateDTO converted to GiftCertificate model: [GiftCertificate(id=null, name=gc44212, description=des22c5new, price=5122.0, duration=23, createDate=2023-03-31T16:50:35.962267600, lastUpdateDate=null)]
2023-03-31 16:50:35 DEBUG [GiftCertificateService.save()] GiftCertificate saved with id:[7]
2023-03-31 16:50:39 DEBUG [GiftCertificateMappingService] GiftCertificate model converted to GiftCertificateDTO: [GiftCertificateDTO(id=1, name=certificate1, description=desc1, price=55.0, duration=2, createDate=2023-03-23T15:58:05.284, lastUpdateDate=null)]
2023-03-31 16:50:39 DEBUG [GiftCertificateMappingService] GiftCertificate model converted to GiftCertificateDTO: [GiftCertificateDTO(id=2, name=certificate2, description=desc2, price=55.0, duration=2, createDate=2023-03-23T15:59:05.284, lastUpdateDate=null)]
2023-03-31 16:50:39 DEBUG [GiftCertificateMappingService] GiftCertificate model converted to GiftCertificateDTO: [GiftCertificateDTO(id=3, name=certificate3, description=desc3, price=55.0, duration=2, createDate=2023-03-23T16:00:05.284, lastUpdateDate=null)]
2023-03-31 16:50:39 DEBUG [GiftCertificateMappingService] GiftCertificate model converted to GiftCertificateDTO: [GiftCertificateDTO(id=4, name=certificate4, description=desc4, price=55.0, duration=2, createDate=2023-03-23T17:58:05.284, lastUpdateDate=null)]
2023-03-31 16:50:39 DEBUG [GiftCertificateMappingService] GiftCertificate model converted to GiftCertificateDTO: [GiftCertificateDTO(id=5, name=certificate5, description=desc5, price=55.0, duration=2, createDate=2023-03-23T18:58:05.284, lastUpdateDate=null)]
2023-03-31 16:50:39 DEBUG [GiftCertificateMappingService] GiftCertificate model converted to GiftCertificateDTO: [GiftCertificateDTO(id=6, name=certificate6, description=desc6, price=55.0, duration=2, createDate=2023-03-23T19:58:05.284, lastUpdateDate=null)]
2023-03-31 16:50:39 DEBUG [GiftCertificateMappingService] GiftCertificate model converted to GiftCertificateDTO: [GiftCertificateDTO(id=7, name=gc44212, description=des22c5new, price=5122.0, duration=23, createDate=2023-03-31T16:50:35.962, lastUpdateDate=null)]
2023-03-31 16:50:39 DEBUG [GiftCertificateService.findAll()] GiftCertificates received from database:[[GiftCertificateDTO(id=1, name=certificate1, description=desc1, price=55.0, duration=2, createDate=2023-03-23T15:58:05.284, lastUpdateDate=null), GiftCertificateDTO(id=2, name=certificate2, description=desc2, price=55.0, duration=2, createDate=2023-03-23T15:59:05.284, lastUpdateDate=null), GiftCertificateDTO(id=3, name=certificate3, description=desc3, price=55.0, duration=2, createDate=2023-03-23T16:00:05.284, lastUpdateDate=null), GiftCertificateDTO(id=4, name=certificate4, description=desc4, price=55.0, duration=2, createDate=2023-03-23T17:58:05.284, lastUpdateDate=null), GiftCertificateDTO(id=5, name=certificate5, description=desc5, price=55.0, duration=2, createDate=2023-03-23T18:58:05.284, lastUpdateDate=null), GiftCertificateDTO(id=6, name=certificate6, description=desc6, price=55.0, duration=2, createDate=2023-03-23T19:58:05.284, lastUpdateDate=null), GiftCertificateDTO(id=7, name=gc44212, description=des22c5new, price=5122.0, duration=23, createDate=2023-03-31T16:50:35.962, lastUpdateDate=null)]]
