2023-04-12 11:19:23 ERROR [GiftCertificateService.update()] rollback !!!
2023-04-12 11:19:23 ERROR [ExceptionHandler] Handled Exception exception/error...
2023-04-12 11:21:09 ERROR [GiftCertificateService.findAll()] GiftCertificates not found
2023-04-12 11:21:09 ERROR [ExceptionHandler] Handled GiftCertificateNotFoundException exception/error...
2023-04-12 11:21:50 ERROR [GiftCertificateService.deleteById()] An exception occurs: id:[0] can't be less than zero or null
2023-04-12 11:21:50 ERROR [ExceptionHandler] Handled IllegalArgumentException exception/error...
2023-04-12 11:22:12 ERROR [GiftCertificateService.save()] rollback !!!
2023-04-12 11:22:12 ERROR [ExceptionHandler] Handled Exception exception/error...
2023-04-12 11:22:24 ERROR [TagService.findById()] Tag for given ID:[229] not found
2023-04-12 11:22:24 ERROR [ExceptionHandler] Handled TagNotFoundException exception/error...
2023-04-12 11:22:32 ERROR [TagService.findByName()] Tag for given name:[tag2] not found
2023-04-12 11:22:32 ERROR [ExceptionHandler] Handled TagNotFoundException exception/error...
2023-04-12 11:23:31 ERROR [GiftCertificateService.save()] GiftCertificate with given name:[big data] already exists.
2023-04-12 11:23:31 ERROR [ExceptionHandler] Handled GiftCertificateAlreadyExistsException exception/error...
2023-04-12 11:23:31 ERROR [GiftCertificateService.save()] rollback !!!
2023-04-12 11:23:31 ERROR [ExceptionHandler] Handled Exception exception/error...
2023-04-12 11:23:32 ERROR [GiftCertificateService.findById()] GiftCertificate for given ID:[1] not found
2023-04-12 11:23:32 ERROR [ExceptionHandler] Handled GiftCertificateNotFoundException exception/error...
2023-04-12 11:23:32 ERROR [GiftCertificateService.update()] rollback !!!
2023-04-12 11:23:32 ERROR [ExceptionHandler] Handled Exception exception/error...
2023-04-12 11:23:32 ERROR [GiftCertificateService.update()] rollback !!!
2023-04-12 11:23:32 ERROR [ExceptionHandler] Handled Exception exception/error...
2023-04-12 11:23:32 ERROR [GiftCertificateService.deleteById()] Certificate with given id:[1] not found.
2023-04-12 11:23:32 ERROR [ExceptionHandler] Handled GiftCertificateNotFoundException exception/error...
2023-04-12 11:23:49 ERROR [GiftCertificateService.findById()] GiftCertificate for given ID:[1] not found
2023-04-12 11:23:49 ERROR [ExceptionHandler] Handled GiftCertificateNotFoundException exception/error...
