2023-04-11 19:27:56 DEBUG AppConfig registered in Root Context
2023-04-11 19:27:56 DEBUG Production profile activated
2023-04-11 19:27:56 DEBUG ContextLoaderListener added to Servlet Context
2023-04-11 19:27:56 DEBUG [dispatcher] servlet registered in Servlet Context
2023-04-11 19:27:57 DEBUG HikariConfig for PROD Profile created
2023-04-11 19:27:58 DEBUG HikariDataSource for PROD Profile created
2023-04-11 19:27:59 DEBUG SQL script for MySQL database executed
2023-04-11 19:28:37 DEBUG [GiftCertificateMappingService] GiftCertificateDTO converted to GiftCertificate model: [GiftCertificate(id=null, name=big data, description=specific, price=55.0, duration=2, createDate=null, lastUpdateDate=null, tags=[Tag(id=null, name=python), Tag(id=null, name=), Tag(id=null, name=java)])]
2023-04-11 19:28:37 DEBUG [QueryProvider] IS_EXISTS query returned.
2023-04-11 19:28:37 DEBUG [GiftCertificateMappingService] GiftCertificateDTO converted to GiftCertificate model: [GiftCertificate(id=null, name=big data, description=specific, price=55.0, duration=2, createDate=null, lastUpdateDate=null, tags=[Tag(id=null, name=python), Tag(id=null, name=), Tag(id=null, name=java)])]
2023-04-11 19:28:37 DEBUG [QueryProvider] INSERT query returned.
2023-04-11 19:28:37 DEBUG [QueryProvider] ATTACH_TAG_TO_CERTIFICATE query returned.
2023-04-11 19:28:37 DEBUG [QueryProvider] ATTACH_TAG_TO_CERTIFICATE query returned.
2023-04-11 19:28:37 DEBUG [QueryProvider] ATTACH_TAG_TO_CERTIFICATE query returned.
2023-04-11 19:28:37 DEBUG [GiftCertificateService.save()] GiftCertificate with name:[big data] saved.
2023-04-11 19:30:03 DEBUG [GiftCertificateMappingService] GiftCertificateDTO converted to GiftCertificate model: [GiftCertificate(id=null, name=big data, description=specific, price=55.0, duration=2, createDate=null, lastUpdateDate=null, tags=[Tag(id=null, name=python), Tag(id=null, name=java), Tag(id=null, name=null)])]
2023-04-11 19:30:03 DEBUG [QueryProvider] IS_EXISTS query returned.
2023-04-11 19:30:03 DEBUG ResponseEntity created for errorResponse: [ErrorResponse(errorMessage=GiftCertificate with given name:[big data] already exists., errorCode=40007)]
2023-04-11 19:30:29 DEBUG [GiftCertificateMappingService] GiftCertificateDTO converted to GiftCertificate model: [GiftCertificate(id=null, name=big datas, description=specific, price=55.0, duration=2, createDate=null, lastUpdateDate=null, tags=[Tag(id=null, name=python), Tag(id=null, name=java), Tag(id=null, name=null)])]
2023-04-11 19:30:29 DEBUG [QueryProvider] IS_EXISTS query returned.
2023-04-11 19:30:29 DEBUG [GiftCertificateMappingService] GiftCertificateDTO converted to GiftCertificate model: [GiftCertificate(id=null, name=big datas, description=specific, price=55.0, duration=2, createDate=null, lastUpdateDate=null, tags=[Tag(id=null, name=python), Tag(id=null, name=java), Tag(id=null, name=null)])]
2023-04-11 19:30:29 DEBUG [QueryProvider] INSERT query returned.
2023-04-11 19:30:29 DEBUG ResponseEntity created for errorResponse: [ErrorResponse(errorMessage=Transaction rolled back because it has been marked as rollback-only, errorCode=50001)]
2023-04-11 19:31:02 DEBUG [GiftCertificateMappingService] GiftCertificateDTO converted to GiftCertificate model: [GiftCertificate(id=null, name=big datas, description=specific, price=55.0, duration=2, createDate=null, lastUpdateDate=null, tags=[Tag(id=null, name=python), Tag(id=null, name=java), Tag(id=null, name=null)])]
2023-04-11 19:31:02 DEBUG [QueryProvider] IS_EXISTS query returned.
2023-04-11 19:31:02 DEBUG [GiftCertificateMappingService] GiftCertificateDTO converted to GiftCertificate model: [GiftCertificate(id=null, name=big datas, description=specific, price=55.0, duration=2, createDate=null, lastUpdateDate=null, tags=[Tag(id=null, name=python), Tag(id=null, name=java), Tag(id=null, name=null)])]
2023-04-11 19:31:02 DEBUG [QueryProvider] INSERT query returned.
2023-04-11 19:31:02 DEBUG ResponseEntity created for errorResponse: [ErrorResponse(errorMessage=Transaction rolled back because it has been marked as rollback-only, errorCode=50001)]
