2023-04-14 10:14:08 DEBUG ProdDataSourceConfig registered in Root Context
2023-04-14 10:14:08 DEBUG TestDataSourceConfig registered in Root Context
2023-04-14 10:14:08 DEBUG Production profile activated
2023-04-14 10:14:08 DEBUG ContextLoaderListener added to Servlet Context
2023-04-14 10:14:08 DEBUG [dispatcher] servlet registered in Servlet Context
2023-04-14 10:14:10 DEBUG HikariConfig for PROD Profile created
2023-04-14 10:14:11 DEBUG HikariDataSource for PROD Profile created
2023-04-14 10:14:12 DEBUG SQL script for MySQL database executed
2023-04-14 10:14:39 DEBUG [GiftCertificateMappingService] GiftCertificateDTO converted to GiftCertificate model: [GiftCertificate(id=null, name=big data, description=specific, price=55.0, duration=2, createDate=null, lastUpdateDate=null, tags=[Tag(id=null, name=python), Tag(id=null, name=java), Tag(id=null, name=scala)])]
2023-04-14 10:14:39 DEBUG [QueryProvider] IS_EXISTS query returned.
2023-04-14 10:14:39 DEBUG [QueryProvider] INSERT query returned.
2023-04-14 10:14:39 DEBUG [GiftCertificateService.save()] GiftCertificate with name:[big data] saved.
2023-04-14 10:14:39 DEBUG [GiftCertificateMappingService] GiftCertificateDTO converted to GiftCertificate model: [GiftCertificate(id=null, name=big datas, description=specific, price=55.0, duration=2, createDate=null, lastUpdateDate=null, tags=[Tag(id=null, name=python), Tag(id=null, name=java), Tag(id=null, name=null)])]
2023-04-14 10:14:39 DEBUG [QueryProvider] IS_EXISTS query returned.
2023-04-14 10:14:39 DEBUG [QueryProvider] INSERT query returned.
2023-04-14 10:14:39 DEBUG ResponseEntity created for errorResponse: [ErrorResponse(errorMessage=Transaction rolled back because it has been marked as rollback-only, errorCode=50001)]
2023-04-14 10:14:39 DEBUG [QueryProvider] FIND_ALL query returned.
2023-04-14 10:14:39 DEBUG [GiftCertificateMappingService] GiftCertificate model converted to GiftCertificateDTO: [GiftCertificateDTO(id=1, name=jvm, description=jvm based languages, price=55.0, duration=2, createDate=2023-03-23T15:58:05.284, lastUpdateDate=null, tags=null)]
2023-04-14 10:14:39 DEBUG [GiftCertificateMappingService] GiftCertificate model converted to GiftCertificateDTO: [GiftCertificateDTO(id=2, name=microsoft, description=monopoly, price=55.0, duration=2, createDate=2023-03-23T15:59:05.284, lastUpdateDate=null, tags=null)]
2023-04-14 10:14:39 DEBUG [GiftCertificateMappingService] GiftCertificate model converted to GiftCertificateDTO: [GiftCertificateDTO(id=3, name=mixed, description=all-in-one, price=55.0, duration=2, createDate=2023-03-23T16:00:05.284, lastUpdateDate=null, tags=null)]
2023-04-14 10:14:39 DEBUG [GiftCertificateMappingService] GiftCertificate model converted to GiftCertificateDTO: [GiftCertificateDTO(id=4, name=android, description=not familiar, price=55.0, duration=2, createDate=2023-03-23T17:58:05.284, lastUpdateDate=null, tags=null)]
2023-04-14 10:14:39 DEBUG [GiftCertificateMappingService] GiftCertificate model converted to GiftCertificateDTO: [GiftCertificateDTO(id=5, name=big data, description=specific, price=55.0, duration=2, createDate=2023-04-14T10:14:39.138, lastUpdateDate=null, tags=null)]
2023-04-14 10:14:39 DEBUG [TagMappingService] Tag model converted to TagDTO: [TagDTO(id=1, name=java)]
2023-04-14 10:14:39 DEBUG [TagMappingService] Tag model converted to TagDTO: [TagDTO(id=2, name=scala)]
2023-04-14 10:14:39 DEBUG [TagMappingService] Tag model converted to TagDTO: [TagDTO(id=5, name=kotlin)]
2023-04-14 10:14:39 DEBUG [TagMappingService] Tag model converted to TagDTO: [TagDTO(id=3, name=c)]
2023-04-14 10:14:39 DEBUG [TagMappingService] Tag model converted to TagDTO: [TagDTO(id=4, name=c-sharp)]
2023-04-14 10:14:39 DEBUG [TagMappingService] Tag model converted to TagDTO: [TagDTO(id=6, name=visual basic)]
2023-04-14 10:14:39 DEBUG [TagMappingService] Tag model converted to TagDTO: [TagDTO(id=1, name=java)]
2023-04-14 10:14:39 DEBUG [TagMappingService] Tag model converted to TagDTO: [TagDTO(id=4, name=c-sharp)]
2023-04-14 10:14:39 DEBUG [TagMappingService] Tag model converted to TagDTO: [TagDTO(id=6, name=visual basic)]
2023-04-14 10:14:39 DEBUG [TagMappingService] Tag model converted to TagDTO: [TagDTO(id=1, name=java)]
2023-04-14 10:14:39 DEBUG [TagMappingService] Tag model converted to TagDTO: [TagDTO(id=5, name=kotlin)]
2023-04-14 10:14:39 DEBUG [GiftCertificateService.findAll()] GiftCertificates received from database: [[GiftCertificateDTO(id=1, name=jvm, description=jvm based languages, price=55.0, duration=2, createDate=2023-03-23T15:58:05.284, lastUpdateDate=null, tags=[TagDTO(id=2, name=scala), TagDTO(id=1, name=java), TagDTO(id=5, name=kotlin)]), GiftCertificateDTO(id=2, name=microsoft, description=monopoly, price=55.0, duration=2, createDate=2023-03-23T15:59:05.284, lastUpdateDate=null, tags=[TagDTO(id=6, name=visual basic), TagDTO(id=3, name=c), TagDTO(id=4, name=c-sharp)]), GiftCertificateDTO(id=3, name=mixed, description=all-in-one, price=55.0, duration=2, createDate=2023-03-23T16:00:05.284, lastUpdateDate=null, tags=[TagDTO(id=1, name=java), TagDTO(id=6, name=visual basic), TagDTO(id=4, name=c-sharp)]), GiftCertificateDTO(id=4, name=android, description=not familiar, price=55.0, duration=2, createDate=2023-03-23T17:58:05.284, lastUpdateDate=null, tags=[TagDTO(id=1, name=java), TagDTO(id=5, name=kotlin)]), GiftCertificateDTO(id=5, name=big data, description=specific, price=55.0, duration=2, createDate=2023-04-14T10:14:39.138, lastUpdateDate=null, tags=[])]]
2023-04-14 10:14:39 DEBUG [QueryProvider] FIND_ALL_BY_NAME query returned.
2023-04-14 10:14:39 DEBUG [GiftCertificateMappingService] GiftCertificate model converted to GiftCertificateDTO: [GiftCertificateDTO(id=2, name=microsoft, description=monopoly, price=55.0, duration=2, createDate=2023-03-23T15:59:05.284, lastUpdateDate=null, tags=null)]
2023-04-14 10:14:39 DEBUG [GiftCertificateMappingService] GiftCertificate model converted to GiftCertificateDTO: [GiftCertificateDTO(id=3, name=mixed, description=all-in-one, price=55.0, duration=2, createDate=2023-03-23T16:00:05.284, lastUpdateDate=null, tags=null)]
2023-04-14 10:14:39 DEBUG [TagMappingService] Tag model converted to TagDTO: [TagDTO(id=3, name=c)]
2023-04-14 10:14:39 DEBUG [TagMappingService] Tag model converted to TagDTO: [TagDTO(id=4, name=c-sharp)]
2023-04-14 10:14:39 DEBUG [TagMappingService] Tag model converted to TagDTO: [TagDTO(id=6, name=visual basic)]
2023-04-14 10:14:39 DEBUG [TagMappingService] Tag model converted to TagDTO: [TagDTO(id=1, name=java)]
2023-04-14 10:14:39 DEBUG [TagMappingService] Tag model converted to TagDTO: [TagDTO(id=4, name=c-sharp)]
2023-04-14 10:14:39 DEBUG [TagMappingService] Tag model converted to TagDTO: [TagDTO(id=6, name=visual basic)]
2023-04-14 10:14:39 DEBUG [GiftCertificateService.findByName()] GiftCertificate received from database: [[GiftCertificateDTO(id=2, name=microsoft, description=monopoly, price=55.0, duration=2, createDate=2023-03-23T15:59:05.284, lastUpdateDate=null, tags=[TagDTO(id=6, name=visual basic), TagDTO(id=3, name=c), TagDTO(id=4, name=c-sharp)]), GiftCertificateDTO(id=3, name=mixed, description=all-in-one, price=55.0, duration=2, createDate=2023-03-23T16:00:05.284, lastUpdateDate=null, tags=[TagDTO(id=1, name=java), TagDTO(id=6, name=visual basic), TagDTO(id=4, name=c-sharp)])]], for name:[mi]
2023-04-14 10:14:40 DEBUG [QueryProvider] FIND_BY_ID query returned.
2023-04-14 10:14:40 DEBUG [GiftCertificateMappingService] GiftCertificate model converted to GiftCertificateDTO: [GiftCertificateDTO(id=3, name=mixed, description=all-in-one, price=55.0, duration=2, createDate=2023-03-23T16:00:05.284, lastUpdateDate=null, tags=null)]
2023-04-14 10:14:40 DEBUG [TagMappingService] Tag model converted to TagDTO: [TagDTO(id=1, name=java)]
2023-04-14 10:14:40 DEBUG [TagMappingService] Tag model converted to TagDTO: [TagDTO(id=4, name=c-sharp)]
2023-04-14 10:14:40 DEBUG [TagMappingService] Tag model converted to TagDTO: [TagDTO(id=6, name=visual basic)]
2023-04-14 10:14:40 DEBUG [GiftCertificateService.findById()] GiftCertificate received from database: [GiftCertificateDTO(id=3, name=mixed, description=all-in-one, price=55.0, duration=2, createDate=2023-03-23T16:00:05.284, lastUpdateDate=null, tags=[TagDTO(id=1, name=java), TagDTO(id=6, name=visual basic), TagDTO(id=4, name=c-sharp)])], for ID:[3]
2023-04-14 10:14:40 DEBUG [GiftCertificateMappingService] GiftCertificate model converted to GiftCertificateDTO: [GiftCertificateDTO(id=3, name=mixed, description=all-in-one, price=55.0, duration=2, createDate=2023-03-23T16:00:05.284, lastUpdateDate=null, tags=null)]
2023-04-14 10:14:40 DEBUG [GiftCertificateMappingService] GiftCertificate model converted to GiftCertificateDTO: [GiftCertificateDTO(id=2, name=microsoft, description=monopoly, price=55.0, duration=2, createDate=2023-03-23T15:59:05.284, lastUpdateDate=null, tags=null)]
2023-04-14 10:14:40 DEBUG [GiftCertificateMappingService] GiftCertificate model converted to GiftCertificateDTO: [GiftCertificateDTO(id=1, name=jvm, description=jvm based languages, price=55.0, duration=2, createDate=2023-03-23T15:58:05.284, lastUpdateDate=null, tags=null)]
2023-04-14 10:14:40 DEBUG [TagMappingService] Tag model converted to TagDTO: [TagDTO(id=1, name=java)]
2023-04-14 10:14:40 DEBUG [TagMappingService] Tag model converted to TagDTO: [TagDTO(id=4, name=c-sharp)]
2023-04-14 10:14:40 DEBUG [TagMappingService] Tag model converted to TagDTO: [TagDTO(id=6, name=visual basic)]
2023-04-14 10:14:40 DEBUG [TagMappingService] Tag model converted to TagDTO: [TagDTO(id=3, name=c)]
2023-04-14 10:14:40 DEBUG [TagMappingService] Tag model converted to TagDTO: [TagDTO(id=4, name=c-sharp)]
2023-04-14 10:14:40 DEBUG [TagMappingService] Tag model converted to TagDTO: [TagDTO(id=6, name=visual basic)]
2023-04-14 10:14:40 DEBUG [TagMappingService] Tag model converted to TagDTO: [TagDTO(id=1, name=java)]
2023-04-14 10:14:40 DEBUG [TagMappingService] Tag model converted to TagDTO: [TagDTO(id=2, name=scala)]
2023-04-14 10:14:40 DEBUG [TagMappingService] Tag model converted to TagDTO: [TagDTO(id=5, name=kotlin)]
2023-04-14 10:14:40 DEBUG [GiftCertificateService.findAll()] GiftCertificates received from database: [[GiftCertificateDTO(id=3, name=mixed, description=all-in-one, price=55.0, duration=2, createDate=2023-03-23T16:00:05.284, lastUpdateDate=null, tags=[TagDTO(id=1, name=java), TagDTO(id=6, name=visual basic), TagDTO(id=4, name=c-sharp)]), GiftCertificateDTO(id=2, name=microsoft, description=monopoly, price=55.0, duration=2, createDate=2023-03-23T15:59:05.284, lastUpdateDate=null, tags=[TagDTO(id=6, name=visual basic), TagDTO(id=3, name=c), TagDTO(id=4, name=c-sharp)]), GiftCertificateDTO(id=1, name=jvm, description=jvm based languages, price=55.0, duration=2, createDate=2023-03-23T15:58:05.284, lastUpdateDate=null, tags=[TagDTO(id=2, name=scala), TagDTO(id=1, name=java), TagDTO(id=5, name=kotlin)])]]
2023-04-14 10:14:40 DEBUG [GiftCertificateMappingService] GiftCertificateDTO converted to GiftCertificate model: [GiftCertificate(id=1, name=Java, description=best choice, price=1488.0, duration=5, createDate=null, lastUpdateDate=null, tags=[Tag(id=null, name=groovy)])]
2023-04-14 10:14:40 DEBUG [QueryProvider] UPD_NAME query concatenated.
2023-04-14 10:14:40 DEBUG [QueryProvider] UPD_DESCRIPTION query concatenated.
2023-04-14 10:14:40 DEBUG [QueryProvider] UPD_PRICE query concatenated.
2023-04-14 10:14:40 DEBUG [QueryProvider] UPD_DURATION query concatenated.
2023-04-14 10:14:40 DEBUG [QueryProvider] UPD_LAST_UPDATE_DATE query concatenated.
2023-04-14 10:14:40 DEBUG [QueryProvider] UPDATE query returned.
2023-04-14 10:14:40 DEBUG [QueryProvider] ATTACH_TAG_TO_CERTIFICATE query returned.
2023-04-14 10:14:40 DEBUG [GiftCertificateService.update()] GiftCertificate with ID:[1] updated.
2023-04-14 10:14:40 DEBUG [GiftCertificateMappingService] GiftCertificateDTO converted to GiftCertificate model: [GiftCertificate(id=1, name=Java, description=best choice, price=1488.0, duration=5, createDate=null, lastUpdateDate=null, tags=[Tag(id=null, name=groovy)])]
2023-04-14 10:14:40 DEBUG [QueryProvider] UPD_NAME query concatenated.
2023-04-14 10:14:40 DEBUG [QueryProvider] UPD_DESCRIPTION query concatenated.
2023-04-14 10:14:40 DEBUG [QueryProvider] UPD_PRICE query concatenated.
2023-04-14 10:14:40 DEBUG [QueryProvider] UPD_DURATION query concatenated.
2023-04-14 10:14:40 DEBUG [QueryProvider] UPD_LAST_UPDATE_DATE query concatenated.
2023-04-14 10:14:40 DEBUG [QueryProvider] UPDATE query returned.
2023-04-14 10:14:40 DEBUG [QueryProvider] ATTACH_TAG_TO_CERTIFICATE query returned.
2023-04-14 10:14:40 DEBUG ResponseEntity created for errorResponse: [ErrorResponse(errorMessage=Transaction rolled back because it has been marked as rollback-only, errorCode=50001)]
2023-04-14 10:14:40 DEBUG [QueryProvider] FIND_BY_ID query returned.
2023-04-14 10:14:40 DEBUG [QueryProvider] IS_EXISTS query returned.
2023-04-14 10:14:40 DEBUG [QueryProvider] DELETE query returned.
2023-04-14 10:14:40 DEBUG [GiftCertificateService.deleteById()] GiftCertificate for ID:[1] removed.
2023-04-14 10:14:46 DEBUG [TagMappingService] TagDTO converted to Tag model: [Tag(id=null, name=pascal)]
2023-04-14 10:14:46 DEBUG [TagMappingService] Tag model converted to TagDTO: [TagDTO(id=3, name=c)]
2023-04-14 10:14:46 DEBUG [TagMappingService] Tag model converted to TagDTO: [TagDTO(id=4, name=c-sharp)]
2023-04-14 10:14:46 DEBUG [TagMappingService] Tag model converted to TagDTO: [TagDTO(id=8, name=groovy)]
2023-04-14 10:14:46 DEBUG [TagMappingService] Tag model converted to TagDTO: [TagDTO(id=1, name=java)]
2023-04-14 10:14:46 DEBUG [TagMappingService] Tag model converted to TagDTO: [TagDTO(id=5, name=kotlin)]
2023-04-14 10:14:46 DEBUG [TagMappingService] Tag model converted to TagDTO: [TagDTO(id=9, name=pascal)]
2023-04-14 10:14:46 DEBUG [TagMappingService] Tag model converted to TagDTO: [TagDTO(id=7, name=python)]
2023-04-14 10:14:46 DEBUG [TagMappingService] Tag model converted to TagDTO: [TagDTO(id=2, name=scala)]
2023-04-14 10:14:46 DEBUG [TagMappingService] Tag model converted to TagDTO: [TagDTO(id=6, name=visual basic)]
2023-04-14 10:14:46 DEBUG [TagService.findAll()] Tags received from database: [[TagDTO(id=3, name=c), TagDTO(id=4, name=c-sharp), TagDTO(id=8, name=groovy), TagDTO(id=1, name=java), TagDTO(id=5, name=kotlin), TagDTO(id=9, name=pascal), TagDTO(id=7, name=python), TagDTO(id=2, name=scala), TagDTO(id=6, name=visual basic)]]
2023-04-14 10:14:46 DEBUG [TagMappingService] Tag model converted to TagDTO: [TagDTO(id=3, name=c)]
2023-04-14 10:14:46 DEBUG [TagService.findById()] Tag received from database: [TagDTO(id=3, name=c)], for ID:[3]
2023-04-14 10:14:47 DEBUG [TagMappingService] Tag model converted to TagDTO: [TagDTO(id=3, name=c)]
2023-04-14 10:14:47 DEBUG [TagMappingService] Tag model converted to TagDTO: [TagDTO(id=4, name=c-sharp)]
2023-04-14 10:14:47 DEBUG [TagMappingService] Tag model converted to TagDTO: [TagDTO(id=9, name=pascal)]
2023-04-14 10:14:47 DEBUG [TagMappingService] Tag model converted to TagDTO: [TagDTO(id=2, name=scala)]
2023-04-14 10:14:47 DEBUG [TagMappingService] Tag model converted to TagDTO: [TagDTO(id=6, name=visual basic)]
2023-04-14 10:14:47 DEBUG [TagService.findByName()] Tag received from database: [[TagDTO(id=3, name=c), TagDTO(id=4, name=c-sharp), TagDTO(id=9, name=pascal), TagDTO(id=2, name=scala), TagDTO(id=6, name=visual basic)]], for name:[c]
2023-04-14 10:14:47 DEBUG [TagService.deleteById()] Tag for ID:[6] removed
