2023-04-10 22:46:20 DEBUG AppConfig registered in Root Context
2023-04-10 22:46:20 DEBUG Production profile activated
2023-04-10 22:46:20 DEBUG ContextLoaderListener added to Servlet Context
2023-04-10 22:46:20 DEBUG [dispatcher] servlet registered in Servlet Context
2023-04-10 22:46:21 DEBUG HikariConfig for PROD Profile created
2023-04-10 22:46:22 DEBUG HikariDataSource for PROD Profile created
2023-04-10 22:46:23 DEBUG SQL script for MySQL database executed
2023-04-10 22:46:33 DEBUG [GiftCertificateMappingService] GiftCertificate model converted to GiftCertificateDTO: [GiftCertificateDTO(id=1, name=jvm, description=jvm based languages, price=55.0, duration=2, createDate=2023-03-23T15:58:05.284, lastUpdateDate=null, tags=null)]
2023-04-10 22:46:33 DEBUG [GiftCertificateMappingService] GiftCertificate model converted to GiftCertificateDTO: [GiftCertificateDTO(id=2, name=microsoft, description=monopoly, price=55.0, duration=2, createDate=2023-03-23T15:59:05.284, lastUpdateDate=null, tags=null)]
2023-04-10 22:46:33 DEBUG [GiftCertificateMappingService] GiftCertificate model converted to GiftCertificateDTO: [GiftCertificateDTO(id=3, name=mixed, description=all-in-one, price=55.0, duration=2, createDate=2023-03-23T16:00:05.284, lastUpdateDate=null, tags=null)]
2023-04-10 22:46:33 DEBUG [GiftCertificateMappingService] GiftCertificate model converted to GiftCertificateDTO: [GiftCertificateDTO(id=4, name=android, description=not familiar, price=55.0, duration=2, createDate=2023-03-23T17:58:05.284, lastUpdateDate=null, tags=null)]
2023-04-10 22:46:33 DEBUG [TagMappingService] Tag model converted to TagDTO: [TagDTO(id=1, name=java)]
2023-04-10 22:46:33 DEBUG [TagMappingService] Tag model converted to TagDTO: [TagDTO(id=2, name=scala)]
2023-04-10 22:46:33 DEBUG [TagMappingService] Tag model converted to TagDTO: [TagDTO(id=5, name=kotlin)]
2023-04-10 22:46:33 DEBUG [TagMappingService] Tag model converted to TagDTO: [TagDTO(id=3, name=c)]
2023-04-10 22:46:33 DEBUG [TagMappingService] Tag model converted to TagDTO: [TagDTO(id=4, name=c-sharp)]
2023-04-10 22:46:33 DEBUG [TagMappingService] Tag model converted to TagDTO: [TagDTO(id=6, name=visual basic)]
2023-04-10 22:46:33 DEBUG [TagMappingService] Tag model converted to TagDTO: [TagDTO(id=1, name=java)]
2023-04-10 22:46:33 DEBUG [TagMappingService] Tag model converted to TagDTO: [TagDTO(id=4, name=c-sharp)]
2023-04-10 22:46:33 DEBUG [TagMappingService] Tag model converted to TagDTO: [TagDTO(id=6, name=visual basic)]
2023-04-10 22:46:33 DEBUG [TagMappingService] Tag model converted to TagDTO: [TagDTO(id=1, name=java)]
2023-04-10 22:46:33 DEBUG [TagMappingService] Tag model converted to TagDTO: [TagDTO(id=5, name=kotlin)]
2023-04-10 22:46:33 DEBUG [GiftCertificateService.findAll()] GiftCertificates received from database: [[GiftCertificateDTO(id=1, name=jvm, description=jvm based languages, price=55.0, duration=2, createDate=2023-03-23T15:58:05.284, lastUpdateDate=null, tags=[TagDTO(id=2, name=scala), TagDTO(id=1, name=java), TagDTO(id=5, name=kotlin)]), GiftCertificateDTO(id=2, name=microsoft, description=monopoly, price=55.0, duration=2, createDate=2023-03-23T15:59:05.284, lastUpdateDate=null, tags=[TagDTO(id=6, name=visual basic), TagDTO(id=3, name=c), TagDTO(id=4, name=c-sharp)]), GiftCertificateDTO(id=3, name=mixed, description=all-in-one, price=55.0, duration=2, createDate=2023-03-23T16:00:05.284, lastUpdateDate=null, tags=[TagDTO(id=1, name=java), TagDTO(id=6, name=visual basic), TagDTO(id=4, name=c-sharp)]), GiftCertificateDTO(id=4, name=android, description=not familiar, price=55.0, duration=2, createDate=2023-03-23T17:58:05.284, lastUpdateDate=null, tags=[TagDTO(id=1, name=java), TagDTO(id=5, name=kotlin)])]]
2023-04-10 22:47:53 DEBUG ResponseEntity created for errorResponse: [ErrorResponse(errorMessage=GiftCertificate not found (description:[z]), errorCode=40406)]
2023-04-10 22:48:01 DEBUG ResponseEntity created for errorResponse: [ErrorResponse(errorMessage=GiftCertificate not found (name:[z]), errorCode=40406)]
2023-04-10 22:48:13 DEBUG [GiftCertificateMappingService] GiftCertificate model converted to GiftCertificateDTO: [GiftCertificateDTO(id=4, name=android, description=not familiar, price=55.0, duration=2, createDate=2023-03-23T17:58:05.284, lastUpdateDate=null, tags=null)]
2023-04-10 22:48:13 DEBUG [TagMappingService] Tag model converted to TagDTO: [TagDTO(id=1, name=java)]
2023-04-10 22:48:13 DEBUG [TagMappingService] Tag model converted to TagDTO: [TagDTO(id=5, name=kotlin)]
2023-04-10 22:48:13 DEBUG [GiftCertificateService.findByName()] GiftCertificate received from database: [[GiftCertificateDTO(id=4, name=android, description=not familiar, price=55.0, duration=2, createDate=2023-03-23T17:58:05.284, lastUpdateDate=null, tags=[TagDTO(id=1, name=java), TagDTO(id=5, name=kotlin)])]], for name:[a]
2023-04-10 22:48:17 DEBUG ResponseEntity created for errorResponse: [ErrorResponse(errorMessage=GiftCertificate not found (name:[z]), errorCode=40406)]
