2023-04-20 09:05:26 DEBUG ProdDataSourceConfig registered in Root Context
2023-04-20 09:05:26 DEBUG TestDataSourceConfig registered in Root Context
2023-04-20 09:05:26 DEBUG Production profile activated
2023-04-20 09:05:26 DEBUG ContextLoaderListener added to Servlet Context
2023-04-20 09:05:26 DEBUG [dispatcher] servlet registered in Servlet Context
2023-04-20 09:05:28 DEBUG HikariConfig for PROD Profile created
2023-04-20 09:05:29 DEBUG HikariDataSource for PROD Profile created
2023-04-20 09:05:29 DEBUG SQL script for MySQL database executed
2023-04-20 09:05:42 DEBUG [QueryProvider] FIND_ALL_BY_NAME query returned.
2023-04-20 09:05:42 DEBUG ResponseEntity created for errorResponse: [ErrorResponse(errorMessage=GiftCertificate not found (name:[big]), errorCode=40406)]
2023-04-20 09:08:28 DEBUG [GiftCertificateMappingService] GiftCertificateDTO converted to GiftCertificate model: [GiftCertificate(id=null, name=big data, description=specific, price=55.0, duration=2, createDate=null, lastUpdateDate=null, tags=[Tag(id=null, name=python), Tag(id=null, name=java), Tag(id=null, name=scala)])]
2023-04-20 09:08:28 DEBUG [QueryProvider] IS_EXISTS query returned.
2023-04-20 09:08:28 DEBUG [QueryProvider] INSERT query returned.
2023-04-20 09:08:29 DEBUG [QueryProvider] ATTACH_TAG_TO_CERTIFICATE query returned.
2023-04-20 09:08:29 DEBUG [QueryProvider] ATTACH_TAG_TO_CERTIFICATE query returned.
2023-04-20 09:08:29 DEBUG [QueryProvider] ATTACH_TAG_TO_CERTIFICATE query returned.
2023-04-20 09:08:29 DEBUG [GiftCertificateService.save()] GiftCertificate with name:[big data] saved.
2023-04-20 09:08:37 DEBUG [GiftCertificateMappingService] GiftCertificateDTO converted to GiftCertificate model: [GiftCertificate(id=null, name=big datas, description=specific, price=55.0, duration=2, createDate=null, lastUpdateDate=null, tags=[Tag(id=null, name=python), Tag(id=null, name=java), Tag(id=null, name=null)])]
2023-04-20 09:08:37 DEBUG [QueryProvider] IS_EXISTS query returned.
2023-04-20 09:08:37 DEBUG [QueryProvider] INSERT query returned.
2023-04-20 09:08:37 DEBUG ResponseEntity created for errorResponse: [ErrorResponse(errorMessage=Transaction rolled back because it has been marked as rollback-only, errorCode=50001)]
2023-04-20 09:08:46 DEBUG [QueryProvider] FIND_ALL query returned.
2023-04-20 09:08:46 DEBUG [GiftCertificateMappingService] GiftCertificate model converted to GiftCertificateDTO: [GiftCertificateDTO(id=1, name=jvm, description=jvm based languages, price=55.0, duration=2, createDate=2023-03-23T15:58:05.284, lastUpdateDate=null, tags=null)]
2023-04-20 09:08:46 DEBUG [GiftCertificateMappingService] GiftCertificate model converted to GiftCertificateDTO: [GiftCertificateDTO(id=2, name=microsoft, description=monopoly, price=55.0, duration=2, createDate=2023-03-23T15:59:05.284, lastUpdateDate=null, tags=null)]
2023-04-20 09:08:46 DEBUG [GiftCertificateMappingService] GiftCertificate model converted to GiftCertificateDTO: [GiftCertificateDTO(id=3, name=mixed, description=all-in-one, price=55.0, duration=2, createDate=2023-03-23T16:00:05.284, lastUpdateDate=null, tags=null)]
2023-04-20 09:08:46 DEBUG [GiftCertificateMappingService] GiftCertificate model converted to GiftCertificateDTO: [GiftCertificateDTO(id=4, name=android, description=not familiar, price=55.0, duration=2, createDate=2023-03-23T17:58:05.284, lastUpdateDate=null, tags=null)]
2023-04-20 09:08:46 DEBUG [GiftCertificateMappingService] GiftCertificate model converted to GiftCertificateDTO: [GiftCertificateDTO(id=5, name=big data, description=specific, price=55.0, duration=2, createDate=2023-04-20T09:08:28.938, lastUpdateDate=null, tags=null)]
2023-04-20 09:08:46 DEBUG [TagMappingService] Tag model converted to TagDTO: [TagDTO(id=1, name=java)]
2023-04-20 09:08:46 DEBUG [TagMappingService] Tag model converted to TagDTO: [TagDTO(id=2, name=scala)]
2023-04-20 09:08:46 DEBUG [TagMappingService] Tag model converted to TagDTO: [TagDTO(id=5, name=kotlin)]
2023-04-20 09:08:46 DEBUG [TagMappingService] Tag model converted to TagDTO: [TagDTO(id=3, name=c)]
2023-04-20 09:08:46 DEBUG [TagMappingService] Tag model converted to TagDTO: [TagDTO(id=4, name=c-sharp)]
2023-04-20 09:08:46 DEBUG [TagMappingService] Tag model converted to TagDTO: [TagDTO(id=6, name=visual basic)]
2023-04-20 09:08:46 DEBUG [TagMappingService] Tag model converted to TagDTO: [TagDTO(id=1, name=java)]
2023-04-20 09:08:46 DEBUG [TagMappingService] Tag model converted to TagDTO: [TagDTO(id=4, name=c-sharp)]
2023-04-20 09:08:46 DEBUG [TagMappingService] Tag model converted to TagDTO: [TagDTO(id=6, name=visual basic)]
2023-04-20 09:08:46 DEBUG [TagMappingService] Tag model converted to TagDTO: [TagDTO(id=1, name=java)]
2023-04-20 09:08:46 DEBUG [TagMappingService] Tag model converted to TagDTO: [TagDTO(id=5, name=kotlin)]
2023-04-20 09:08:46 DEBUG [TagMappingService] Tag model converted to TagDTO: [TagDTO(id=1, name=java)]
2023-04-20 09:08:46 DEBUG [TagMappingService] Tag model converted to TagDTO: [TagDTO(id=2, name=scala)]
2023-04-20 09:08:46 DEBUG [TagMappingService] Tag model converted to TagDTO: [TagDTO(id=7, name=python)]
2023-04-20 09:08:46 DEBUG [GiftCertificateService.findAll()] GiftCertificates received from database: [[GiftCertificateDTO(id=1, name=jvm, description=jvm based languages, price=55.0, duration=2, createDate=2023-03-23T15:58:05.284, lastUpdateDate=null, tags=[TagDTO(id=2, name=scala), TagDTO(id=1, name=java), TagDTO(id=5, name=kotlin)]), GiftCertificateDTO(id=2, name=microsoft, description=monopoly, price=55.0, duration=2, createDate=2023-03-23T15:59:05.284, lastUpdateDate=null, tags=[TagDTO(id=6, name=visual basic), TagDTO(id=3, name=c), TagDTO(id=4, name=c-sharp)]), GiftCertificateDTO(id=3, name=mixed, description=all-in-one, price=55.0, duration=2, createDate=2023-03-23T16:00:05.284, lastUpdateDate=null, tags=[TagDTO(id=1, name=java), TagDTO(id=6, name=visual basic), TagDTO(id=4, name=c-sharp)]), GiftCertificateDTO(id=4, name=android, description=not familiar, price=55.0, duration=2, createDate=2023-03-23T17:58:05.284, lastUpdateDate=null, tags=[TagDTO(id=1, name=java), TagDTO(id=5, name=kotlin)]), GiftCertificateDTO(id=5, name=big data, description=specific, price=55.0, duration=2, createDate=2023-04-20T09:08:28.938, lastUpdateDate=null, tags=[TagDTO(id=2, name=scala), TagDTO(id=1, name=java), TagDTO(id=7, name=python)])]]
2023-04-20 09:09:02 DEBUG [QueryProvider] FIND_ALL_BY_NAME query returned.
2023-04-20 09:09:02 DEBUG ResponseEntity created for errorResponse: [ErrorResponse(errorMessage=GiftCertificate not found (name:[java]), errorCode=40406)]
2023-04-20 09:09:09 DEBUG [QueryProvider] FIND_ALL_BY_NAME query returned.
2023-04-20 09:09:09 DEBUG [GiftCertificateMappingService] GiftCertificate model converted to GiftCertificateDTO: [GiftCertificateDTO(id=1, name=jvm, description=jvm based languages, price=55.0, duration=2, createDate=2023-03-23T15:58:05.284, lastUpdateDate=null, tags=null)]
2023-04-20 09:09:09 DEBUG [TagMappingService] Tag model converted to TagDTO: [TagDTO(id=1, name=java)]
2023-04-20 09:09:09 DEBUG [TagMappingService] Tag model converted to TagDTO: [TagDTO(id=2, name=scala)]
2023-04-20 09:09:09 DEBUG [TagMappingService] Tag model converted to TagDTO: [TagDTO(id=5, name=kotlin)]
2023-04-20 09:09:09 DEBUG [GiftCertificateService.findByName()] GiftCertificate received from database: [[GiftCertificateDTO(id=1, name=jvm, description=jvm based languages, price=55.0, duration=2, createDate=2023-03-23T15:58:05.284, lastUpdateDate=null, tags=[TagDTO(id=2, name=scala), TagDTO(id=1, name=java), TagDTO(id=5, name=kotlin)])]], for name:[jvm]
2023-04-20 09:09:17 DEBUG [QueryProvider] FIND_BY_ID query returned.
2023-04-20 09:09:17 DEBUG [GiftCertificateMappingService] GiftCertificate model converted to GiftCertificateDTO: [GiftCertificateDTO(id=2, name=microsoft, description=monopoly, price=55.0, duration=2, createDate=2023-03-23T15:59:05.284, lastUpdateDate=null, tags=null)]
2023-04-20 09:09:17 DEBUG [TagMappingService] Tag model converted to TagDTO: [TagDTO(id=3, name=c)]
2023-04-20 09:09:17 DEBUG [TagMappingService] Tag model converted to TagDTO: [TagDTO(id=4, name=c-sharp)]
2023-04-20 09:09:17 DEBUG [TagMappingService] Tag model converted to TagDTO: [TagDTO(id=6, name=visual basic)]
2023-04-20 09:09:17 DEBUG [GiftCertificateService.findById()] GiftCertificate received from database: [GiftCertificateDTO(id=2, name=microsoft, description=monopoly, price=55.0, duration=2, createDate=2023-03-23T15:59:05.284, lastUpdateDate=null, tags=[TagDTO(id=6, name=visual basic), TagDTO(id=3, name=c), TagDTO(id=4, name=c-sharp)])], for ID:[2]
2023-04-20 09:09:30 DEBUG [GiftCertificateMappingService] GiftCertificate model converted to GiftCertificateDTO: [GiftCertificateDTO(id=3, name=mixed, description=all-in-one, price=55.0, duration=2, createDate=2023-03-23T16:00:05.284, lastUpdateDate=null, tags=null)]
2023-04-20 09:09:30 DEBUG [GiftCertificateMappingService] GiftCertificate model converted to GiftCertificateDTO: [GiftCertificateDTO(id=2, name=microsoft, description=monopoly, price=55.0, duration=2, createDate=2023-03-23T15:59:05.284, lastUpdateDate=null, tags=null)]
2023-04-20 09:09:30 DEBUG [GiftCertificateMappingService] GiftCertificate model converted to GiftCertificateDTO: [GiftCertificateDTO(id=1, name=jvm, description=jvm based languages, price=55.0, duration=2, createDate=2023-03-23T15:58:05.284, lastUpdateDate=null, tags=null)]
2023-04-20 09:09:30 DEBUG [TagMappingService] Tag model converted to TagDTO: [TagDTO(id=1, name=java)]
2023-04-20 09:09:30 DEBUG [TagMappingService] Tag model converted to TagDTO: [TagDTO(id=4, name=c-sharp)]
2023-04-20 09:09:30 DEBUG [TagMappingService] Tag model converted to TagDTO: [TagDTO(id=6, name=visual basic)]
2023-04-20 09:09:30 DEBUG [TagMappingService] Tag model converted to TagDTO: [TagDTO(id=3, name=c)]
2023-04-20 09:09:30 DEBUG [TagMappingService] Tag model converted to TagDTO: [TagDTO(id=4, name=c-sharp)]
2023-04-20 09:09:30 DEBUG [TagMappingService] Tag model converted to TagDTO: [TagDTO(id=6, name=visual basic)]
2023-04-20 09:09:30 DEBUG [TagMappingService] Tag model converted to TagDTO: [TagDTO(id=1, name=java)]
2023-04-20 09:09:30 DEBUG [TagMappingService] Tag model converted to TagDTO: [TagDTO(id=2, name=scala)]
2023-04-20 09:09:30 DEBUG [TagMappingService] Tag model converted to TagDTO: [TagDTO(id=5, name=kotlin)]
2023-04-20 09:09:30 DEBUG [GiftCertificateService.findAll()] GiftCertificates received from database: [[GiftCertificateDTO(id=3, name=mixed, description=all-in-one, price=55.0, duration=2, createDate=2023-03-23T16:00:05.284, lastUpdateDate=null, tags=[TagDTO(id=1, name=java), TagDTO(id=6, name=visual basic), TagDTO(id=4, name=c-sharp)]), GiftCertificateDTO(id=2, name=microsoft, description=monopoly, price=55.0, duration=2, createDate=2023-03-23T15:59:05.284, lastUpdateDate=null, tags=[TagDTO(id=6, name=visual basic), TagDTO(id=3, name=c), TagDTO(id=4, name=c-sharp)]), GiftCertificateDTO(id=1, name=jvm, description=jvm based languages, price=55.0, duration=2, createDate=2023-03-23T15:58:05.284, lastUpdateDate=null, tags=[TagDTO(id=2, name=scala), TagDTO(id=1, name=java), TagDTO(id=5, name=kotlin)])]]
2023-04-20 09:10:16 DEBUG [GiftCertificateMappingService] GiftCertificateDTO converted to GiftCertificate model: [GiftCertificate(id=5, name=Big d, description=best choice, price=1488.0, duration=5, createDate=null, lastUpdateDate=null, tags=[Tag(id=null, name=groovy)])]
2023-04-20 09:10:16 DEBUG [QueryProvider] UPD_NAME query concatenated.
2023-04-20 09:10:16 DEBUG [QueryProvider] UPD_DESCRIPTION query concatenated.
2023-04-20 09:10:16 DEBUG [QueryProvider] UPD_PRICE query concatenated.
2023-04-20 09:10:16 DEBUG [QueryProvider] UPD_DURATION query concatenated.
2023-04-20 09:10:16 DEBUG [QueryProvider] UPD_LAST_UPDATE_DATE query concatenated.
2023-04-20 09:10:16 DEBUG [QueryProvider] UPDATE query returned.
2023-04-20 09:10:16 DEBUG [QueryProvider] ATTACH_TAG_TO_CERTIFICATE query returned.
2023-04-20 09:10:16 DEBUG [GiftCertificateService.update()] GiftCertificate with ID:[5] updated.
2023-04-20 09:10:22 DEBUG [QueryProvider] FIND_BY_ID query returned.
2023-04-20 09:10:22 DEBUG [GiftCertificateMappingService] GiftCertificate model converted to GiftCertificateDTO: [GiftCertificateDTO(id=5, name=Big d, description=best choice, price=1488.0, duration=5, createDate=2023-04-20T09:08:28.938, lastUpdateDate=2023-04-20T09:10:16.228, tags=null)]
2023-04-20 09:10:22 DEBUG [TagMappingService] Tag model converted to TagDTO: [TagDTO(id=1, name=java)]
2023-04-20 09:10:22 DEBUG [TagMappingService] Tag model converted to TagDTO: [TagDTO(id=2, name=scala)]
2023-04-20 09:10:22 DEBUG [TagMappingService] Tag model converted to TagDTO: [TagDTO(id=7, name=python)]
2023-04-20 09:10:22 DEBUG [TagMappingService] Tag model converted to TagDTO: [TagDTO(id=8, name=groovy)]
2023-04-20 09:10:22 DEBUG [GiftCertificateService.findById()] GiftCertificate received from database: [GiftCertificateDTO(id=5, name=Big d, description=best choice, price=1488.0, duration=5, createDate=2023-04-20T09:08:28.938, lastUpdateDate=2023-04-20T09:10:16.228, tags=[TagDTO(id=8, name=groovy), TagDTO(id=2, name=scala), TagDTO(id=1, name=java), TagDTO(id=7, name=python)])], for ID:[5]
2023-04-20 09:10:31 DEBUG [GiftCertificateMappingService] GiftCertificateDTO converted to GiftCertificate model: [GiftCertificate(id=1, name=Java, description=best choice, price=1488.0, duration=5, createDate=null, lastUpdateDate=null, tags=[Tag(id=null, name=groovy)])]
2023-04-20 09:10:31 DEBUG [QueryProvider] UPD_NAME query concatenated.
2023-04-20 09:10:31 DEBUG [QueryProvider] UPD_DESCRIPTION query concatenated.
2023-04-20 09:10:31 DEBUG [QueryProvider] UPD_PRICE query concatenated.
2023-04-20 09:10:31 DEBUG [QueryProvider] UPD_DURATION query concatenated.
2023-04-20 09:10:31 DEBUG [QueryProvider] UPD_LAST_UPDATE_DATE query concatenated.
2023-04-20 09:10:31 DEBUG [QueryProvider] UPDATE query returned.
2023-04-20 09:10:31 DEBUG [QueryProvider] ATTACH_TAG_TO_CERTIFICATE query returned.
2023-04-20 09:10:31 DEBUG [GiftCertificateService.update()] GiftCertificate with ID:[1] updated.
2023-04-20 09:10:50 DEBUG [GiftCertificateMappingService] GiftCertificateDTO converted to GiftCertificate model: [GiftCertificate(id=1, name=Java, description=best choice, price=1488.0, duration=5, createDate=null, lastUpdateDate=null, tags=[Tag(id=null, name=null)])]
2023-04-20 09:10:50 DEBUG [QueryProvider] UPD_NAME query concatenated.
2023-04-20 09:10:50 DEBUG [QueryProvider] UPD_DESCRIPTION query concatenated.
2023-04-20 09:10:50 DEBUG [QueryProvider] UPD_PRICE query concatenated.
2023-04-20 09:10:50 DEBUG [QueryProvider] UPD_DURATION query concatenated.
2023-04-20 09:10:50 DEBUG [QueryProvider] UPD_LAST_UPDATE_DATE query concatenated.
2023-04-20 09:10:50 DEBUG [QueryProvider] UPDATE query returned.
2023-04-20 09:10:50 DEBUG [QueryProvider] ATTACH_TAG_TO_CERTIFICATE query returned.
2023-04-20 09:10:50 DEBUG [GiftCertificateService.update()] GiftCertificate with ID:[1] updated.
2023-04-20 09:11:00 DEBUG [QueryProvider] FIND_BY_ID query returned.
2023-04-20 09:11:00 DEBUG [QueryProvider] IS_EXISTS query returned.
2023-04-20 09:11:00 DEBUG [QueryProvider] DELETE query returned.
2023-04-20 09:11:00 DEBUG [GiftCertificateService.deleteById()] GiftCertificate for ID:[5] removed.
2023-04-20 09:11:05 DEBUG [QueryProvider] FIND_BY_ID query returned.
2023-04-20 09:11:05 DEBUG ResponseEntity created for errorResponse: [ErrorResponse(errorMessage=GiftCertificate not found (id:[5]), errorCode=40406)]
2023-04-20 09:14:52 DEBUG [TagMappingService] TagDTO converted to Tag model: [Tag(id=null, name=pascal)]
2023-04-20 09:14:55 DEBUG [TagMappingService] Tag model converted to TagDTO: [TagDTO(id=3, name=c)]
2023-04-20 09:14:55 DEBUG [TagMappingService] Tag model converted to TagDTO: [TagDTO(id=4, name=c-sharp)]
2023-04-20 09:14:55 DEBUG [TagMappingService] Tag model converted to TagDTO: [TagDTO(id=8, name=groovy)]
2023-04-20 09:14:55 DEBUG [TagMappingService] Tag model converted to TagDTO: [TagDTO(id=1, name=java)]
2023-04-20 09:14:55 DEBUG [TagMappingService] Tag model converted to TagDTO: [TagDTO(id=5, name=kotlin)]
2023-04-20 09:14:55 DEBUG [TagMappingService] Tag model converted to TagDTO: [TagDTO(id=9, name=null)]
2023-04-20 09:14:55 DEBUG [TagMappingService] Tag model converted to TagDTO: [TagDTO(id=10, name=pascal)]
2023-04-20 09:14:55 DEBUG [TagMappingService] Tag model converted to TagDTO: [TagDTO(id=7, name=python)]
2023-04-20 09:14:55 DEBUG [TagMappingService] Tag model converted to TagDTO: [TagDTO(id=2, name=scala)]
2023-04-20 09:14:55 DEBUG [TagMappingService] Tag model converted to TagDTO: [TagDTO(id=6, name=visual basic)]
2023-04-20 09:14:55 DEBUG [TagService.findAll()] Tags received from database: [[TagDTO(id=3, name=c), TagDTO(id=4, name=c-sharp), TagDTO(id=8, name=groovy), TagDTO(id=1, name=java), TagDTO(id=5, name=kotlin), TagDTO(id=9, name=null), TagDTO(id=10, name=pascal), TagDTO(id=7, name=python), TagDTO(id=2, name=scala), TagDTO(id=6, name=visual basic)]]
2023-04-20 09:15:10 DEBUG [TagMappingService] Tag model converted to TagDTO: [TagDTO(id=3, name=c)]
2023-04-20 09:15:10 DEBUG [TagService.findById()] Tag received from database: [TagDTO(id=3, name=c)], for ID:[3]
2023-04-20 09:15:15 DEBUG [TagMappingService] Tag model converted to TagDTO: [TagDTO(id=3, name=c)]
2023-04-20 09:15:15 DEBUG [TagMappingService] Tag model converted to TagDTO: [TagDTO(id=4, name=c-sharp)]
2023-04-20 09:15:15 DEBUG [TagMappingService] Tag model converted to TagDTO: [TagDTO(id=10, name=pascal)]
2023-04-20 09:15:15 DEBUG [TagMappingService] Tag model converted to TagDTO: [TagDTO(id=2, name=scala)]
2023-04-20 09:15:15 DEBUG [TagMappingService] Tag model converted to TagDTO: [TagDTO(id=6, name=visual basic)]
2023-04-20 09:15:15 DEBUG [TagService.findByName()] Tag received from database: [[TagDTO(id=3, name=c), TagDTO(id=4, name=c-sharp), TagDTO(id=10, name=pascal), TagDTO(id=2, name=scala), TagDTO(id=6, name=visual basic)]], for name:[c]
2023-04-20 09:15:28 DEBUG [TagService.deleteById()] Tag for ID:[6] removed
2023-04-20 09:15:32 DEBUG [TagService.deleteById()] Tag for ID:[10] removed
2023-04-20 09:15:35 DEBUG [TagMappingService] Tag model converted to TagDTO: [TagDTO(id=3, name=c)]
2023-04-20 09:15:35 DEBUG [TagMappingService] Tag model converted to TagDTO: [TagDTO(id=4, name=c-sharp)]
2023-04-20 09:15:35 DEBUG [TagMappingService] Tag model converted to TagDTO: [TagDTO(id=8, name=groovy)]
2023-04-20 09:15:35 DEBUG [TagMappingService] Tag model converted to TagDTO: [TagDTO(id=1, name=java)]
2023-04-20 09:15:35 DEBUG [TagMappingService] Tag model converted to TagDTO: [TagDTO(id=5, name=kotlin)]
2023-04-20 09:15:35 DEBUG [TagMappingService] Tag model converted to TagDTO: [TagDTO(id=9, name=null)]
2023-04-20 09:15:35 DEBUG [TagMappingService] Tag model converted to TagDTO: [TagDTO(id=7, name=python)]
2023-04-20 09:15:35 DEBUG [TagMappingService] Tag model converted to TagDTO: [TagDTO(id=2, name=scala)]
2023-04-20 09:15:35 DEBUG [TagService.findAll()] Tags received from database: [[TagDTO(id=3, name=c), TagDTO(id=4, name=c-sharp), TagDTO(id=8, name=groovy), TagDTO(id=1, name=java), TagDTO(id=5, name=kotlin), TagDTO(id=9, name=null), TagDTO(id=7, name=python), TagDTO(id=2, name=scala)]]
2023-04-20 09:21:02 DEBUG [GiftCertificateMappingService] GiftCertificateDTO converted to GiftCertificate model: [GiftCertificate(id=1, name=Java, description=best choice, price=1488.0, duration=5, createDate=null, lastUpdateDate=null, tags=[Tag(id=null, name=null)])]
2023-04-20 09:21:02 DEBUG [QueryProvider] UPD_NAME query concatenated.
2023-04-20 09:21:02 DEBUG [QueryProvider] UPD_DESCRIPTION query concatenated.
2023-04-20 09:21:02 DEBUG [QueryProvider] UPD_PRICE query concatenated.
2023-04-20 09:21:02 DEBUG [QueryProvider] UPD_DURATION query concatenated.
2023-04-20 09:21:02 DEBUG [QueryProvider] UPD_LAST_UPDATE_DATE query concatenated.
2023-04-20 09:21:02 DEBUG [QueryProvider] UPDATE query returned.
2023-04-20 09:21:02 DEBUG ResponseEntity created for errorResponse: [ErrorResponse(errorMessage=Transaction rolled back because it has been marked as rollback-only, errorCode=50001)]
